  main.cpp
F:\Render\8-1BaoLiAO\renderLesson1\tgaimage.h(60,59): warning C4244: '=': conversion from 'float' to 'unsigned char', possible loss of data
F:\Render\8-1BaoLiAO\renderLesson1\main.cpp(55,31): warning C4244: 'argument': conversion from 'T' to 'int', possible loss of data
          with
          [
              T=float
          ]
F:\Render\8-1BaoLiAO\renderLesson1\main.cpp(55,18): warning C4244: 'argument': conversion from 'T' to 'int', possible loss of data
          with
          [
              T=float
          ]
F:\Render\8-1BaoLiAO\renderLesson1\main.cpp(76,41): warning C4244: 'argument': conversion from 'T' to 'int', possible loss of data
          with
          [
              T=float
          ]
F:\Render\8-1BaoLiAO\renderLesson1\main.cpp(76,28): warning C4244: 'argument': conversion from 'T' to 'int', possible loss of data
          with
          [
              T=float
          ]
F:\Render\8-1BaoLiAO\renderLesson1\main.cpp(85,14): warning C4244: 'initializing': conversion from 'double' to 'float', possible loss of data
F:\Render\8-1BaoLiAO\renderLesson1\main.cpp(165,84): warning C4244: 'argument': conversion from 'float' to 'unsigned char', possible loss of data
  renderLesson1.vcxproj -> F:\Render\8-1BaoLiAO\x64\Debug\renderLesson1.exe
