C:\Program Files (x86)\Microsoft Visual Studio\2019\Community\MSBuild\Microsoft\VC\v160\Microsoft.CppBuild.targets(513,5): warning MSB8028: 中间目录(x64\Debug\)包含从另一个项目(renderLesson1.vcxproj)共享的文件。   这会导致错误的清除和重新生成行为。
  geometry.cpp
F:\202110\Render\7-1Shadowss\Shadowss\geometry.cpp(4,69): warning C4244: “初始化”: 从“const T”转换到“T”，可能丢失数据
          with
          [
              T=int
          ]
          and
          [
              T=float
          ]
F:\202110\Render\7-1Shadowss\Shadowss\geometry.cpp(4,76): warning C4244: “初始化”: 从“const T”转换到“T”，可能丢失数据
          with
          [
              T=int
          ]
          and
          [
              T=float
          ]
F:\202110\Render\7-1Shadowss\Shadowss\geometry.cpp(4,83): warning C4244: “初始化”: 从“const T”转换到“T”，可能丢失数据
          with
          [
              T=int
          ]
          and
          [
              T=float
          ]
F:\202110\Render\7-1Shadowss\Shadowss\geometry.cpp(6,69): warning C4244: “初始化”: 从“const T”转换到“T”，可能丢失数据
          with
          [
              T=int
          ]
          and
          [
              T=float
          ]
F:\202110\Render\7-1Shadowss\Shadowss\geometry.cpp(6,76): warning C4244: “初始化”: 从“const T”转换到“T”，可能丢失数据
          with
          [
              T=int
          ]
          and
          [
              T=float
          ]
  main.cpp
F:\202110\Render\7-1Shadowss\Shadowss\tgaimage.h(60,54): warning C4244: “=”: 从“float”转换到“unsigned char”，可能丢失数据
F:\202110\Render\7-1Shadowss\Shadowss\main.cpp(46,16): warning C4244: “初始化”: 从“double”转换到“float”，可能丢失数据
F:\202110\Render\7-1Shadowss\Shadowss\main.cpp(62,61): warning C4244: “参数”: 从“double”转换到“const _Ty”，可能丢失数据
          with
          [
              _Ty=float
          ]
F:\202110\Render\7-1Shadowss\Shadowss\main.cpp(62,57): warning C4244: “=”: 从“const _Ty”转换到“unsigned char”，可能丢失数据
          with
          [
              _Ty=float
          ]
  model.cpp
F:\202110\Render\7-1Shadowss\Shadowss\tgaimage.h(60,54): warning C4244: “=”: 从“float”转换到“unsigned char”，可能丢失数据
F:\202110\Render\7-1Shadowss\Shadowss\model.cpp(82,52): warning C4244: “参数”: 从“T”转换到“T”，可能丢失数据
          with
          [
              T=float
          ]
          and
          [
              T=int
          ]
F:\202110\Render\7-1Shadowss\Shadowss\model.cpp(82,20): warning C4244: “参数”: 从“T”转换到“T”，可能丢失数据
          with
          [
              T=float
          ]
          and
          [
              T=int
          ]
F:\202110\Render\7-1Shadowss\Shadowss\model.cpp(87,51): warning C4244: “参数”: 从“T”转换到“T”，可能丢失数据
          with
          [
              T=float
          ]
          and
          [
              T=int
          ]
F:\202110\Render\7-1Shadowss\Shadowss\model.cpp(87,20): warning C4244: “参数”: 从“T”转换到“T”，可能丢失数据
          with
          [
              T=float
          ]
          and
          [
              T=int
          ]
F:\202110\Render\7-1Shadowss\Shadowss\model.cpp(100,53): warning C4244: “参数”: 从“T”转换到“T”，可能丢失数据
          with
          [
              T=float
          ]
          and
          [
              T=int
          ]
F:\202110\Render\7-1Shadowss\Shadowss\model.cpp(100,20): warning C4244: “参数”: 从“T”转换到“T”，可能丢失数据
          with
          [
              T=float
          ]
          and
          [
              T=int
          ]
  our_gl.cpp
F:\202110\Render\7-1Shadowss\Shadowss\tgaimage.h(60,54): warning C4244: “=”: 从“float”转换到“unsigned char”，可能丢失数据
F:\202110\Render\7-1Shadowss\Shadowss\our_gl.cpp(64,21): warning C4244: “=”: 从“T”转换到“T”，可能丢失数据
          with
          [
              T=float
          ]
          and
          [
              T=int
          ]
F:\202110\Render\7-1Shadowss\Shadowss\our_gl.cpp(65,25): warning C4244: “=”: 从“T”转换到“T”，可能丢失数据
          with
          [
              T=float
          ]
          and
          [
              T=int
          ]
F:\202110\Render\7-1Shadowss\Shadowss\our_gl.cpp(69,28): warning C4244: “初始化”: 从“float”转换到“int”，可能丢失数据
F:\202110\Render\7-1Shadowss\Shadowss\our_gl.cpp(74,58): warning C4244: “=”: 从“int”转换到“float”，可能丢失数据
  tgaimage.cpp
F:\202110\Render\7-1Shadowss\Shadowss\tgaimage.h(60,54): warning C4244: “=”: 从“float”转换到“unsigned char”，可能丢失数据
  正在生成代码...
  Shadowss.vcxproj -> F:\202110\Render\7-1Shadowss\x64\Debug\Shadowss.exe
