C:\Program Files (x86)\Microsoft Visual Studio\2019\Community\MSBuild\Microsoft\VC\v160\Microsoft.CppBuild.targets(513,5): warning MSB8028: 中间目录(x64\Debug\)包含从另一个项目(renderLesson1.vcxproj)共享的文件。   这会导致错误的清除和重新生成行为。
  main.cpp
F:\202110\Render\3DiffuseHead\DiffuseHead\main.cpp(29,56): warning C4244: “参数”: 从“int”转换到“T”，可能丢失数据
          with
          [
              T=float
          ]
F:\202110\Render\3DiffuseHead\DiffuseHead\main.cpp(29,32): warning C4244: “参数”: 从“int”转换到“T”，可能丢失数据
          with
          [
              T=float
          ]
F:\202110\Render\3DiffuseHead\DiffuseHead\main.cpp(58,53): warning C4244: “参数”: 从“int”转换到“T”，可能丢失数据
          with
          [
              T=float
          ]
F:\202110\Render\3DiffuseHead\DiffuseHead\main.cpp(58,18): warning C4244: “参数”: 从“int”转换到“T”，可能丢失数据
          with
          [
              T=float
          ]
F:\202110\Render\3DiffuseHead\DiffuseHead\main.cpp(98,86): warning C4244: “参数”: 从“float”转换到“unsigned char”，可能丢失数据
F:\202110\Render\3DiffuseHead\DiffuseHead\main.cpp(98,69): warning C4244: “参数”: 从“float”转换到“unsigned char”，可能丢失数据
F:\202110\Render\3DiffuseHead\DiffuseHead\main.cpp(98,52): warning C4244: “参数”: 从“float”转换到“unsigned char”，可能丢失数据
  model.cpp
  tgaimage.cpp
  正在生成代码...
  DiffuseHead.vcxproj -> F:\202110\Render\3DiffuseHead\x64\Debug\DiffuseHead.exe
