  main.cpp
F:\Render\Diffuse3Head\renderLesson1\main.cpp(29,56): warning C4244: 'argument': conversion from 'int' to 'T', possible loss of data
          with
          [
              T=float
          ]
F:\Render\Diffuse3Head\renderLesson1\main.cpp(29,32): warning C4244: 'argument': conversion from 'int' to 'T', possible loss of data
          with
          [
              T=float
          ]
F:\Render\Diffuse3Head\renderLesson1\main.cpp(51,21): warning C4244: 'argument': conversion from 'T' to 'int', possible loss of data
          with
          [
              T=float
          ]
F:\Render\Diffuse3Head\renderLesson1\main.cpp(51,16): warning C4244: 'argument': conversion from 'T' to 'int', possible loss of data
          with
          [
              T=float
          ]
F:\Render\Diffuse3Head\renderLesson1\main.cpp(58,53): warning C4244: 'argument': conversion from 'int' to 'T', possible loss of data
          with
          [
              T=float
          ]
F:\Render\Diffuse3Head\renderLesson1\main.cpp(58,18): warning C4244: 'argument': conversion from 'int' to 'T', possible loss of data
          with
          [
              T=float
          ]
F:\Render\Diffuse3Head\renderLesson1\main.cpp(98,86): warning C4244: 'argument': conversion from 'float' to 'unsigned char', possible loss of data
F:\Render\Diffuse3Head\renderLesson1\main.cpp(98,69): warning C4244: 'argument': conversion from 'float' to 'unsigned char', possible loss of data
F:\Render\Diffuse3Head\renderLesson1\main.cpp(98,52): warning C4244: 'argument': conversion from 'float' to 'unsigned char', possible loss of data
  model.cpp
  tgaimage.cpp
  Generating Code...
  renderLesson1.vcxproj -> F:\Render\Diffuse3Head\x64\Debug\renderLesson1.exe
